<?xml version="1.0" encoding="utf-8"?><testsuites name="pytest tests"><testsuite name="pytest" errors="0" failures="0" skipped="0" tests="6" time="1.169" timestamp="2026-05-09T06:40:23.290117+00:00" hostname="agent-env-30c7f1aa-fd06-4164-abe0-eae8ff97f2f2"><testcase classname="backend.tests.test_changelog.TestChangelog" name="test_palera1n_changelog_no_from_tag_returns_max_5" time="0.326" /><testcase classname="backend.tests.test_changelog.TestChangelog" name="test_palera1n_changelog_with_from_tag_v2_0" time="0.212" /><testcase classname="backend.tests.test_changelog.TestChangelog" name="test_palera1n_changelog_from_tag_equals_latest_returns_zero" time="0.255" /><testcase classname="backend.tests.test_changelog.TestChangelog" name="test_checkra1n_changelog_has_no_tracker" time="0.045" /><testcase classname="backend.tests.test_changelog.TestChangelog" name="test_unknown_tool_changelog_no_tracker" time="0.049" /><testcase classname="backend.tests.test_changelog.TestChangelog" name="test_changelog_no_mongo_id_leak" time="0.202" /></testsuite></testsuites>