<?xml version="1.0" encoding="utf-8"?><testsuites name="pytest tests"><testsuite name="pytest" errors="0" failures="0" skipped="0" tests="17" time="1.228" timestamp="2026-05-03T08:50:47.991081+00:00" hostname="agent-env-30c7f1aa-fd06-4164-abe0-eae8ff97f2f2"><testcase classname="backend.tests.backend_test.TestRoot" name="test_root_status" time="0.265" /><testcase classname="backend.tests.backend_test.TestTools" name="test_list_tools" time="0.044" /><testcase classname="backend.tests.backend_test.TestTools" name="test_get_tool_detail" time="0.043" /><testcase classname="backend.tests.backend_test.TestTools" name="test_get_tool_dopamine" time="0.044" /><testcase classname="backend.tests.backend_test.TestTools" name="test_get_tool_not_found" time="0.042" /><testcase classname="backend.tests.backend_test.TestDevices" name="test_list_devices" time="0.042" /><testcase classname="backend.tests.backend_test.TestIOSVersions" name="test_ios_versions" time="0.041" /><testcase classname="backend.tests.backend_test.TestCompatibility" name="test_compat_iphone_x_ios_16" time="0.040" /><testcase classname="backend.tests.backend_test.TestCompatibility" name="test_compat_no_tools" time="0.081" /><testcase classname="backend.tests.backend_test.TestCompatibility" name="test_compat_device_not_found" time="0.040" /><testcase classname="backend.tests.backend_test.TestCompatibility" name="test_compat_iphone_12_ios_148" time="0.080" /><testcase classname="backend.tests.backend_test.TestNews" name="test_news_sorted_desc" time="0.041" /><testcase classname="backend.tests.backend_test.TestTutorials" name="test_tutorials" time="0.040" /><testcase classname="backend.tests.backend_test.TestFaq" name="test_faq" time="0.041" /><testcase classname="backend.tests.backend_test.TestStats" name="test_stats" time="0.043" /><testcase classname="backend.tests.backend_test.TestNewsletter" name="test_newsletter_valid_email" time="0.073" /><testcase classname="backend.tests.backend_test.TestNewsletter" name="test_newsletter_invalid_email" time="0.082" /></testsuite></testsuites>