<?xml version="1.0" encoding="utf-8"?><testsuites name="pytest tests"><testsuite name="pytest" errors="0" failures="0" skipped="0" tests="35" time="30.801" timestamp="2026-05-09T06:32:53.216443+00:00" hostname="agent-env-30c7f1aa-fd06-4164-abe0-eae8ff97f2f2"><testcase classname="backend.tests.backend_test.TestRoot" name="test_root_status" time="0.175" /><testcase classname="backend.tests.backend_test.TestTools" name="test_list_tools" time="0.057" /><testcase classname="backend.tests.backend_test.TestTools" name="test_get_tool_detail" time="0.068" /><testcase classname="backend.tests.backend_test.TestTools" name="test_get_tool_dopamine" time="0.049" /><testcase classname="backend.tests.backend_test.TestTools" name="test_get_tool_not_found" time="0.067" /><testcase classname="backend.tests.backend_test.TestToolDetail" name="test_palera1n_detail" time="0.050" /><testcase classname="backend.tests.backend_test.TestToolDetail" name="test_dopamine_detail" time="0.048" /><testcase classname="backend.tests.backend_test.TestToolDetail" name="test_all_tools_have_details" time="0.405" /><testcase classname="backend.tests.backend_test.TestToolDetail" name="test_detail_unknown_returns_404" time="0.050" /><testcase classname="backend.tests.backend_test.TestToolDetail" name="test_base_endpoint_has_no_extras" time="0.047" /><testcase classname="backend.tests.backend_test.TestDevices" name="test_list_devices" time="0.045" /><testcase classname="backend.tests.backend_test.TestIOSVersions" name="test_ios_versions" time="0.047" /><testcase classname="backend.tests.backend_test.TestCompatibility" name="test_compat_iphone_x_ios_16" time="0.049" /><testcase classname="backend.tests.backend_test.TestCompatibility" name="test_compat_no_tools" time="0.048" /><testcase classname="backend.tests.backend_test.TestCompatibility" name="test_compat_device_not_found" time="0.047" /><testcase classname="backend.tests.backend_test.TestCompatibility" name="test_compat_iphone_12_ios_148" time="0.049" /><testcase classname="backend.tests.backend_test.TestNews" name="test_news_sorted_desc" time="0.051" /><testcase classname="backend.tests.backend_test.TestTutorials" name="test_tutorials" time="0.053" /><testcase classname="backend.tests.backend_test.TestFaq" name="test_faq" time="0.050" /><testcase classname="backend.tests.backend_test.TestStats" name="test_stats" time="0.051" /><testcase classname="backend.tests.backend_test.TestNewsletter" name="test_newsletter_valid_email" time="0.061" /><testcase classname="backend.tests.backend_test.TestNewsletter" name="test_newsletter_invalid_email" time="0.053" /><testcase classname="backend.tests.backend_test.TestChat" name="test_chat_empty_message_returns_400" time="0.051" /><testcase classname="backend.tests.backend_test.TestChat" name="test_chat_whitespace_message_returns_400" time="0.049" /><testcase classname="backend.tests.backend_test.TestChat" name="test_chat_creates_session_and_returns_reply" time="12.153" /><testcase classname="backend.tests.backend_test.TestChat" name="test_chat_continues_session_with_history" time="14.924" /><testcase classname="backend.tests.backend_test.TestChat" name="test_chat_history_endpoint" time="0.052" /><testcase classname="backend.tests.backend_test.TestChat" name="test_chat_history_unknown_session_returns_empty_list" time="0.048" /><testcase classname="backend.tests.backend_test.TestReleases" name="test_palera1n_releases_has_tracker" time="0.050" /><testcase classname="backend.tests.backend_test.TestReleases" name="test_dopamine_releases" time="0.053" /><testcase classname="backend.tests.backend_test.TestReleases" name="test_roothide_releases" time="0.061" /><testcase classname="backend.tests.backend_test.TestReleases" name="test_no_tracker_tools[checkra1n]" time="0.051" /><testcase classname="backend.tests.backend_test.TestReleases" name="test_no_tracker_tools[unc0ver]" time="0.051" /><testcase classname="backend.tests.backend_test.TestReleases" name="test_no_tracker_tools[xinaA15]" time="0.051" /><testcase classname="backend.tests.backend_test.TestReleases" name="test_caching_behavior" time="1.475" /></testsuite></testsuites>